2022-05-22T19:12:15.099Z	::1	GET	/api/category/7	304	- bytes	5.736 ms
2022-05-22T19:12:17.702Z	::1	GET	/api/category/	200	- bytes	1.271 ms
2022-05-22T19:12:20.535Z	::1	GET	/	404	- bytes	0.841 ms
2022-05-22T20:55:05.356Z	::1	GET	/api/category	304	- bytes	2.835 ms
2022-05-22T20:58:00.210Z	::1	GET	/api/category	304	- bytes	5.563 ms
2022-05-22T21:11:19.074Z	::1	GET	/api/category	304	- bytes	7.305 ms
2022-05-22T21:11:20.688Z	::1	GET	/api/category	304	- bytes	1.332 ms
2022-05-22T22:49:57.699Z	::ffff:127.0.0.1	GET	/api/category	-	- bytes	- ms
2022-05-22T22:50:22.052Z	::ffff:127.0.0.1	GET	/api/category	-	- bytes	- ms
2022-05-22T22:50:22.071Z	::ffff:127.0.0.1	GET	/	404	- bytes	3.087 ms
2022-05-22T22:51:06.624Z	::ffff:127.0.0.1	GET	/api/category	-	- bytes	- ms
2022-05-22T22:53:10.897Z	::1	GET	/api/category	-	- bytes	- ms
2022-05-22T22:53:12.292Z	::1	GET	/api/category	-	- bytes	- ms
2022-05-22T22:53:16.193Z	::1	GET	/	404	- bytes	5.383 ms
2022-05-22T22:53:16.338Z	::1	GET	/api/category	-	- bytes	- ms
2022-05-22T22:55:49.409Z	::1	GET	/	404	- bytes	4.085 ms
2022-05-22T23:52:24.390Z	::ffff:127.0.0.1	GET	/	404	- bytes	6.132 ms
2022-05-22T23:52:24.710Z	::1	GET	/api/category	-	- bytes	- ms
2022-05-22T23:52:37.438Z	::ffff:127.0.0.1	GET	/api/category/	-	- bytes	- ms
2022-05-22T23:52:37.445Z	::1	GET	/api/category/2	304	- bytes	2.538 ms
2022-05-22T23:52:48.966Z	::1	GET	/api/category/3	304	- bytes	0.670 ms
2022-05-22T23:54:23.094Z	::1	GET	/api/category/2	304	- bytes	7.117 ms
2022-05-22T23:54:27.256Z	::1	GET	/api/category/4	404	- bytes	1.389 ms
2022-05-22T23:54:29.849Z	::1	GET	/api/category/7	304	- bytes	0.762 ms
2022-05-22T23:54:33.263Z	::1	GET	/api/category/1	304	- bytes	0.611 ms
2022-05-22T23:55:32.312Z	::1	GET	/api/category/	200	- bytes	12.573 ms
2022-05-22T23:57:31.249Z	::1	GET	/api/category/	500	- bytes	9.897 ms
2022-05-22T23:57:37.249Z	::1	GET	/api/category/	200	- bytes	22.847 ms
2022-05-23T00:10:36.952Z	::1	GET	/api/category/	304	- bytes	15.134 ms
2022-05-23T00:10:37.894Z	::1	GET	/api/category/	304	- bytes	3.766 ms
2022-05-23T00:10:55.476Z	::1	GET	/api/category/1	200	- bytes	7.571 ms
2022-05-23T00:11:00.341Z	::1	GET	/api/category/4	200	- bytes	1.597 ms
2022-05-23T00:11:03.180Z	::1	GET	/api/category/6	404	- bytes	1.612 ms
2022-05-23T00:20:21.476Z	::1	GET	/api/category/2	200	- bytes	18.257 ms
2022-05-23T00:20:26.616Z	::1	GET	/api/category/	304	- bytes	4.499 ms
2022-05-23T00:43:36.381Z	::1	GET	/api/category/	304	- bytes	12.242 ms
2022-05-23T01:45:47.020Z	::1	GET	/api/category	200	- bytes	14.640 ms
2022-05-23T01:52:54.187Z	::1	GET	/api/category	304	- bytes	13.809 ms
2022-05-23T01:52:55.438Z	::1	GET	/api/category	304	- bytes	2.496 ms
2022-05-23T01:52:56.030Z	::1	GET	/api/category	304	- bytes	1.647 ms
2022-05-23T01:52:56.454Z	::1	GET	/api/category	304	- bytes	1.823 ms
2022-05-23T01:55:22.428Z	::1	GET	/api/category	200	- bytes	1.898 ms
2022-05-23T01:56:30.102Z	::1	GET	/api/category	200	- bytes	1.446 ms
2022-05-23T01:58:50.081Z	::1	GET	/api/category/1	200	- bytes	3.615 ms
2022-05-23T01:59:53.571Z	::1	POST	/api/category	200	- bytes	31.424 ms
2022-05-23T02:00:10.698Z	::1	GET	/api/category	200	- bytes	2.701 ms
2022-05-23T02:00:39.692Z	::1	POST	/api/category	400	- bytes	8.130 ms
2022-05-23T02:00:53.635Z	::1	POST	/api/category	200	- bytes	6.321 ms
2022-05-23T02:22:00.116Z	::1	GET	/api/category	200	- bytes	13.652 ms
2022-05-23T02:22:32.459Z	::1	POST	/api/category	400	- bytes	20.194 ms
2022-05-23T02:33:34.333Z	::1	GET	/api/category	304	- bytes	7.974 ms
2022-05-23T02:33:35.135Z	::1	GET	/api/category	304	- bytes	3.459 ms
2022-05-23T02:33:35.448Z	::1	GET	/api/category	304	- bytes	3.910 ms
2022-05-23T02:43:44.109Z	::1	GET	/api/category	304	- bytes	15.832 ms
2022-05-23T02:43:44.738Z	::1	GET	/api/category	304	- bytes	3.455 ms
2022-05-23T10:25:19.175Z	::1	GET	/api/category	304	- bytes	3.463 ms
2022-05-23T10:25:21.396Z	::1	GET	/api/category	304	- bytes	3.052 ms
2022-05-23T10:25:21.858Z	::1	GET	/api/category	304	- bytes	1.586 ms
2022-05-23T18:27:55.237Z	::1	GET	/	404	- bytes	4.217 ms
2022-05-23T18:27:58.763Z	::1	GET	/api/category	304	- bytes	12.167 ms
2022-05-23T18:48:34.612Z	::1	GET	/api/category	200	- bytes	12.332 ms
2022-05-23T18:48:51.888Z	::1	GET	/api/category/4	200	- bytes	4.082 ms
2022-05-23T18:49:12.778Z	::1	POST	/api/category	400	- bytes	19.749 ms
2022-05-23T18:54:49.744Z	::1	POST	/api/category	400	- bytes	8.111 ms
2022-05-23T18:56:23.352Z	::1	POST	/api/category	400	- bytes	22.334 ms
2022-05-23T18:56:55.984Z	::1	POST	/api/category	200	- bytes	32.256 ms
2022-05-23T18:57:06.825Z	::1	GET	/api/category	200	- bytes	3.594 ms
2022-05-23T20:21:16.703Z	::1	PUT	/api/category/8	400	- bytes	31.152 ms
2022-05-23T20:25:54.998Z	::1	PUT	/api/category/8	400	- bytes	34.318 ms
2022-05-23T20:26:36.237Z	::1	PUT	/api/category/8	400	- bytes	30.782 ms
2022-05-23T20:26:47.347Z	::1	PUT	/api/category/5	400	- bytes	3.715 ms
2022-05-23T20:28:29.099Z	::1	PUT	/api/category/5	400	- bytes	31.563 ms
2022-05-23T20:28:59.644Z	::1	PUT	/api/category/5	400	- bytes	7.212 ms
2022-05-23T20:29:08.017Z	::1	PUT	/api/category/5	400	- bytes	3.042 ms
2022-05-25T14:27:49.036Z	::ffff:127.0.0.1	GET	/	404	- bytes	4.229 ms
2022-05-25T14:27:49.216Z	::ffff:127.0.0.1	GET	/favicon.ico	404	- bytes	0.662 ms
2022-05-25T14:27:52.342Z	::ffff:127.0.0.1	GET	/api/category	200	- bytes	56.222 ms
2022-05-25T14:27:56.249Z	::1	GET	/api/category	200	- bytes	1.821 ms
2022-05-25T14:28:02.715Z	::1	GET	/api/category/4	200	- bytes	4.144 ms
2022-05-25T14:28:25.626Z	::1	POST	/api/category	400	- bytes	29.640 ms
2022-05-25T15:05:07.062Z	::1	GET	/api/administrator	404	- bytes	4.210 ms
2022-05-25T15:06:26.999Z	::1	GET	/api/administrator	200	- bytes	6.614 ms
2022-05-25T15:07:52.480Z	::1	GET	/api/administrator	200	- bytes	1.251 ms
2022-05-25T15:07:55.206Z	::1	GET	/api/administrator	200	- bytes	0.738 ms
2022-05-25T15:08:30.467Z	::1	GET	/api/administrator	200	- bytes	0.684 ms
2022-05-25T15:08:36.947Z	::1	GET	/api/administrator/1	500	- bytes	2.596 ms
2022-05-25T15:08:40.950Z	::1	GET	/api/administrator	200	- bytes	0.684 ms
2022-05-25T15:09:20.041Z	::1	GET	/api/category	200	- bytes	8.702 ms
2022-05-25T15:09:27.567Z	::1	GET	/api/administrator	200	- bytes	0.630 ms
2022-05-25T15:09:28.983Z	::1	GET	/api/administrator	200	- bytes	0.668 ms
2022-05-25T15:09:46.970Z	::1	GET	/api/administrator	200	- bytes	0.790 ms
2022-05-25T15:12:01.554Z	::1	GET	/api/administrator	200	- bytes	5.898 ms
2022-05-25T15:12:03.040Z	::1	GET	/api/administrator	200	- bytes	1.045 ms
2022-05-25T15:17:33.041Z	::1	GET	/api/administrator	500	- bytes	7.353 ms
2022-05-25T15:17:41.336Z	::1	GET	/api/administrator	500	- bytes	1.783 ms
2022-05-25T15:21:14.194Z	::1	GET	/api/administrator	500	- bytes	6.634 ms
2022-05-25T15:22:00.064Z	::1	GET	/api/administrator	500	- bytes	1.624 ms
2022-05-25T15:22:01.558Z	::1	GET	/api/administrator	500	- bytes	1.264 ms
2022-05-25T15:26:05.170Z	::1	GET	/api/category	200	- bytes	9.527 ms
2022-05-25T15:26:18.170Z	::1	GET	/api/administrator/2	500	- bytes	2.172 ms
2022-05-25T15:27:58.100Z	::1	GET	/api/administrator	500	- bytes	1.202 ms
2022-05-25T15:29:07.057Z	::1	GET	/api/administrator	500	- bytes	12.799 ms
2022-05-25T15:29:07.808Z	::1	GET	/api/administrator	500	- bytes	2.233 ms
2022-05-25T15:29:10.545Z	::1	GET	/api/administrator/1	500	- bytes	1.650 ms
2022-05-25T15:29:14.979Z	::1	GET	/api/administrator	500	- bytes	1.799 ms
2022-05-25T15:39:53.162Z	::1	GET	/api/administrat	500	- bytes	6.589 ms
2022-05-25T19:06:51.637Z	::1	GET	/api/administrat	404	- bytes	4.537 ms
2022-05-25T19:06:54.920Z	::1	GET	/api/administrator	500	- bytes	4.746 ms
2022-05-25T19:20:56.942Z	::1	GET	/api/administrator	500	- bytes	7.777 ms
2022-05-25T19:21:08.881Z	::1	GET	/api/administrator	500	- bytes	7.063 ms
2022-05-25T19:22:32.932Z	::1	POST	/api/administrator	404	- bytes	20.038 ms
2022-05-25T19:22:50.267Z	::1	POST	/api/administrator	404	- bytes	1.561 ms
2022-05-25T19:36:04.105Z	::1	POST	/api/administrator	500	- bytes	33.898 ms
2022-05-25T20:06:10.863Z	::1	POST	/api/administrator	500	- bytes	29.906 ms
2022-05-25T20:06:12.248Z	::1	POST	/api/administrator	500	- bytes	2.284 ms
2022-05-25T20:07:24.136Z	::1	POST	/api/administrator	500	- bytes	30.531 ms
2022-05-25T20:07:31.326Z	::1	POST	/api/administrator	500	- bytes	2.087 ms
2022-05-25T20:21:45.671Z	::1	GET	/api/administrator/2	500	- bytes	6.806 ms
2022-05-25T20:22:45.998Z	::1	GET	/api/category/4	200	- bytes	9.210 ms
2022-05-25T20:26:35.434Z	::1	GET	/api/administrator	500	- bytes	3.160 ms
2022-05-25T20:26:38.042Z	::1	GET	/api/administrator/2	500	- bytes	1.362 ms
2022-05-25T20:31:06.220Z	::1	PUT	/api/administrator/1	400	- bytes	23.107 ms
2022-05-25T20:31:17.593Z	::1	PUT	/api/administrator/1	500	- bytes	10.530 ms
2022-05-25T21:29:31.415Z	::1	PUT	/api/category/5	404	- bytes	28.561 ms
2022-05-25T21:29:34.800Z	::1	PUT	/api/category/4	200	- bytes	15.733 ms
2022-05-25T21:29:48.709Z	::1	PUT	/api/category/4	200	- bytes	8.814 ms
2022-05-25T21:29:57.432Z	::1	GET	/api/administrator	500	- bytes	1.861 ms
2022-05-25T21:29:58.851Z	::1	GET	/api/administrator	500	- bytes	4.358 ms
2022-05-25T21:31:33.105Z	::1	GET	/api/administrator	500	- bytes	7.219 ms
2022-05-25T21:31:48.535Z	::1	GET	/api/administrator	500	- bytes	7.174 ms
2022-05-25T21:31:49.733Z	::1	GET	/api/administrator	500	- bytes	1.469 ms
2022-05-25T21:33:48.531Z	::1	GET	/api/administrator	500	- bytes	6.576 ms
2022-05-25T21:36:05.324Z	::1	GET	/api/administrator	500	- bytes	6.185 ms
2022-05-26T22:19:36.448Z	::1	GET	/	404	- bytes	4.828 ms
2022-05-26T22:19:39.968Z	::1	GET	/api/category	500	- bytes	3.040 ms
2022-05-26T22:19:43.574Z	::1	GET	/api/category	500	- bytes	0.691 ms
2022-05-26T22:19:44.438Z	::1	GET	/api/category	500	- bytes	0.696 ms
2022-05-26T22:20:07.823Z	::1	GET	/api/category	200	- bytes	52.614 ms
2022-05-26T22:33:41.807Z	::1	GET	/api/category	200	- bytes	13.023 ms
2022-05-26T22:33:44.882Z	::1	GET	/api/category/4	200	- bytes	7.499 ms
2022-05-26T22:33:57.623Z	::1	POST	/api/category	400	- bytes	2.026 ms
2022-05-26T22:34:14.629Z	::1	PUT	/api/category/4	200	- bytes	40.477 ms
2022-05-26T22:34:34.431Z	::1	POST	/api/category/12	404	- bytes	1.031 ms
2022-05-26T22:34:40.885Z	::1	GET	/api/administrator	500	- bytes	5.880 ms
2022-05-26T22:39:21.793Z	::1	POST	/api/category	400	- bytes	0.553 ms
2022-05-26T22:39:38.901Z	::1	POST	/api/category	400	- bytes	0.493 ms
2022-05-26T22:41:25.193Z	::1	POST	/api/category	400	- bytes	5.721 ms
2022-05-27T06:31:23.422Z	::1	GET	/api/administrator	500	- bytes	8.744 ms
2022-05-27T06:32:21.441Z	::1	POST	/api/administrator	400	- bytes	17.511 ms
2022-05-27T06:33:14.571Z	::1	POST	/api/administrator	500	- bytes	18.301 ms
2022-05-27T06:58:52.318Z	::1	GET	/api/category	200	- bytes	7.671 ms
2022-05-28T14:49:08.423Z	::1	GET	/api/category	200	- bytes	47.002 ms
2022-05-28T14:49:16.035Z	::1	GET	/api/administrator	500	- bytes	5.967 ms
2022-05-28T14:50:49.206Z	::1	GET	/api/administrator	500	- bytes	1.704 ms
2022-05-28T14:51:26.381Z	::1	GET	/api/administrator	500	- bytes	1.481 ms
2022-05-28T14:51:27.411Z	::1	GET	/api/administrator	500	- bytes	1.271 ms
2022-05-28T14:51:30.887Z	::1	GET	/api/administrator	500	- bytes	1.075 ms
2022-05-28T15:26:29.403Z	::1	GET	/api/category	200	- bytes	13.144 ms
2022-05-28T15:26:57.640Z	::1	GET	/api/administrator	500	- bytes	2.279 ms
2022-05-28T15:44:06.480Z	::1	PUT	/api/category/4	400	- bytes	21.359 ms
2022-05-28T15:45:20.986Z	::1	PUT	/api/category/4	400	- bytes	20.402 ms
2022-05-28T15:45:31.496Z	::1	GET	/category/4	404	- bytes	1.168 ms
2022-05-28T15:45:40.343Z	::1	GET	/api/category/4	200	- bytes	11.384 ms
2022-05-28T15:46:10.595Z	::1	PUT	/api/category/:4	400	- bytes	2.793 ms
2022-05-28T15:46:12.115Z	::1	PUT	/api/category/:4	400	- bytes	1.072 ms
2022-05-28T15:46:22.257Z	::1	PUT	/api/category/4	400	- bytes	0.789 ms
2022-05-28T15:46:25.571Z	::1	GET	/api/category/4	200	- bytes	1.756 ms
2022-05-28T15:46:38.904Z	::1	PUT	/api/category/4	200	- bytes	17.726 ms
2022-05-28T15:48:40.459Z	::1	PUT	/api/category/4	400	- bytes	21.183 ms
2022-05-28T15:50:12.261Z	::1	GET	/api/category	200	- bytes	9.260 ms
2022-05-28T15:50:32.158Z	::1	GET	/api/category/1	200	- bytes	3.284 ms
2022-05-28T15:50:38.950Z	::1	GET	/api/category	200	- bytes	1.710 ms
2022-05-28T15:50:45.000Z	::1	GET	/api/category/:4	404	- bytes	4.440 ms
2022-05-28T15:50:50.207Z	::1	GET	/api/category/1	200	- bytes	1.475 ms
2022-05-28T15:52:15.903Z	::1	GET	/api/category	200	- bytes	13.206 ms
2022-05-28T15:52:18.743Z	::1	GET	/api/category/1	200	- bytes	4.637 ms
2022-05-28T15:54:02.292Z	::1	POST	/api/category/	400	- bytes	24.255 ms
2022-05-28T15:54:21.949Z	::1	PUT	/api/category/4	400	- bytes	3.753 ms
2022-05-28T15:54:56.335Z	::1	PUT	/api/category/4	200	- bytes	35.576 ms
2022-05-28T15:56:15.207Z	::1	POST	/api/category/	400	- bytes	12.976 ms
2022-05-28T15:57:55.071Z	::1	POST	/api/category/	400	- bytes	25.632 ms
2022-05-28T15:57:56.140Z	::1	POST	/api/category/	400	- bytes	2.436 ms
2022-05-28T16:07:32.436Z	::1	POST	/api/category/	200	- bytes	51.092 ms
2022-05-28T16:07:43.955Z	::1	GET	/api/category	200	- bytes	2.979 ms
2022-05-28T16:07:57.701Z	::1	POST	/api/category/	200	- bytes	8.066 ms
2022-05-28T16:14:16.125Z	::1	GET	/api/administrator	500	- bytes	4.250 ms
2022-05-28T16:15:23.799Z	::1	POST	/api/administrator	400	- bytes	21.024 ms
2022-05-28T16:15:55.692Z	::1	POST	/api/administrator	500	- bytes	109.811 ms
2022-05-28T16:17:06.638Z	::1	GET	/api/administrator	500	- bytes	4.409 ms
2022-05-28T16:17:23.520Z	::1	GET	/api/administrator/2	500	- bytes	18.322 ms
2022-05-28T16:17:59.648Z	::1	GET	/api/administrator	500	- bytes	1.104 ms
2022-05-28T16:24:15.359Z	::1	GET	/api/administrator	500	- bytes	7.275 ms
2022-05-28T16:24:21.580Z	::1	GET	/api/administrator	500	- bytes	1.732 ms
2022-05-28T16:25:20.441Z	::1	PUT	/api/administrator	404	- bytes	18.312 ms
2022-05-28T16:25:48.854Z	::1	GET	/api/category	200	- bytes	11.954 ms
2022-05-28T16:25:52.423Z	::1	GET	/api/administrator	500	- bytes	1.329 ms
2022-05-28T16:34:10.204Z	::1	GET	/api/category/2/item	-	- bytes	- ms
2022-05-28T16:34:11.562Z	::1	GET	/api/category/89/item	500	- bytes	4.785 ms
2022-05-28T16:34:20.824Z	::1	GET	/api/category/1/item	-	- bytes	- ms
2022-05-28T16:36:02.041Z	::1	GET	/api/category/1/item	-	- bytes	- ms
2022-05-28T16:38:58.301Z	::1	GET	/api/administrator	500	- bytes	2.190 ms
2022-05-28T16:38:59.792Z	::1	GET	/api/administrator	500	- bytes	1.795 ms
2022-05-28T16:39:10.661Z	::1	GET	/api/category	200	- bytes	2.665 ms
2022-05-28T16:44:08.527Z	::1	GET	/api/administrator	500	- bytes	13.151 ms
2022-05-28T16:44:09.306Z	::1	GET	/api/administrator	500	- bytes	2.846 ms
2022-05-28T16:44:10.134Z	::1	GET	/api/administrator	500	- bytes	1.334 ms
2022-05-28T16:44:11.108Z	::1	GET	/api/administrator	500	- bytes	1.075 ms
2022-05-28T16:44:12.158Z	::1	GET	/api/administrator	500	- bytes	1.475 ms
2022-05-28T17:37:31.814Z	::1	GET	/api/category	304	- bytes	13.003 ms
2022-05-28T17:37:40.583Z	::1	GET	/api/administrator	500	- bytes	2.911 ms
2022-05-28T18:34:57.071Z	::1	GET	/api/category/1/item	-	- bytes	- ms
2022-05-28T18:42:15.486Z	::1	GET	/api/administrator	500	- bytes	6.429 ms
2022-05-28T19:05:15.078Z	::1	GET	/api/administrator	500	- bytes	6.931 ms
2022-05-28T19:05:36.114Z	::1	GET	/api/category/1/item	-	- bytes	- ms
2022-05-28T20:16:12.654Z	::1	GET	/api/administrator	200	- bytes	13.988 ms
2022-05-28T20:16:44.888Z	::1	GET	/api/administrator	200	- bytes	3.136 ms
2022-05-28T20:17:09.361Z	::1	GET	/api/administrator	200	- bytes	1.577 ms
2022-05-29T22:15:47.151Z	::1	POST	/api/administrator	400	- bytes	23.053 ms
2022-05-29T22:16:22.378Z	::1	POST	/api/administrator	400	- bytes	1.420 ms
2022-05-29T22:16:32.117Z	::1	POST	/api/administrator	400	- bytes	0.820 ms
2022-05-29T22:17:31.978Z	::1	POST	/api/administrator	400	- bytes	1.366 ms
2022-05-29T22:17:46.440Z	::1	POST	/api/administrator	500	- bytes	96.673 ms
2022-05-29T22:18:11.172Z	::1	POST	/api/administrator	200	- bytes	131.530 ms
2022-05-29T22:18:23.460Z	::1	POST	/api/administrator	400	- bytes	1.963 ms
2022-05-29T22:18:28.950Z	::1	POST	/api/administrator	400	- bytes	1.366 ms
2022-05-29T22:18:36.950Z	::1	POST	/api/administrator	200	- bytes	98.940 ms
2022-05-29T22:19:43.737Z	::1	GET	/api/administrator/1	200	- bytes	2.015 ms
2022-05-29T22:19:48.284Z	::1	GET	/api/administrator/3	200	- bytes	1.516 ms
2022-05-29T22:20:47.490Z	::1	PUT	/api/administrator/3	400	- bytes	1.232 ms
2022-05-29T22:47:06.818Z	::1	PUT	/api/administrator/3	200	- bytes	141.025 ms
2022-05-29T22:56:59.392Z	::1	PUT	/api/administrator/2	200	- bytes	36.456 ms
2022-05-29T22:57:09.720Z	::1	PUT	/api/administrator/2	200	- bytes	8.285 ms
2022-05-29T22:58:00.300Z	::1	GET	/api/administrator/2	200	- bytes	2.390 ms
2022-05-29T22:58:10.495Z	::1	GET	/api/administrator/2	200	- bytes	2.606 ms
2022-05-29T22:58:11.860Z	::1	GET	/api/administrator/2	200	- bytes	2.736 ms
2022-05-29T22:58:41.237Z	::1	GET	/api/administrator/1	200	- bytes	1.894 ms
2022-05-29T22:58:42.370Z	::1	GET	/api/administrator/1	200	- bytes	2.397 ms
2022-05-29T22:58:43.561Z	::1	GET	/api/administrator/1	200	- bytes	1.803 ms
2022-05-29T22:58:54.895Z	::1	PUT	/api/administrator/1	200	- bytes	5.734 ms
2022-05-29T22:59:00.049Z	::1	PUT	/api/administrator/1	200	- bytes	6.648 ms
2022-05-29T23:00:01.227Z	::1	PUT	/api/administrator/2	200	- bytes	98.940 ms
2022-05-29T23:00:07.724Z	::1	PUT	/api/administrator/2	200	- bytes	97.512 ms
2022-05-29T23:47:33.706Z	::1	GET	/api/category/1/item	-	- bytes	- ms
2022-05-29T23:49:27.011Z	::1	GET	/api/category/1	200	- bytes	1.656 ms
2022-05-30T01:07:32.070Z	::1	GET	/api/category/1/item	200	- bytes	16.318 ms
2022-05-30T01:07:57.056Z	::1	GET	/api/category/89/item	404	- bytes	2.285 ms
2022-05-30T01:08:08.785Z	::1	GET	/api/category/2/item	200	- bytes	2.700 ms
2022-05-30T01:21:16.146Z	::1	GET	/api/category	304	- bytes	6.705 ms
2022-05-30T01:21:19.707Z	::1	GET	/api/category/1	200	- bytes	5.267 ms
2022-05-30T01:21:25.341Z	::1	GET	/api/category/1/item	200	- bytes	2.754 ms
2022-05-30T01:33:36.066Z	::1	GET	/api/category/2/item	200	- bytes	15.768 ms
2022-05-30T01:37:35.468Z	::1	GET	/api/category/2/item	200	- bytes	3.391 ms
2022-05-30T01:37:44.074Z	::1	GET	/api/category/2/item/1	400	- bytes	6.223 ms
2022-05-30T01:59:41.407Z	::1	GET	/api/category/1/item/2	404	- bytes	4.213 ms
2022-05-30T01:59:47.591Z	::1	GET	/api/category/2/item	200	- bytes	2.096 ms
2022-05-30T02:01:24.958Z	::1	GET	/api/category/2/item	200	- bytes	17.323 ms
2022-05-30T02:01:36.774Z	::1	GET	/api/category/2/item/1	400	- bytes	4.557 ms
2022-05-30T02:01:47.618Z	::1	GET	/api/category/2/item/4	-	- bytes	- ms
2022-05-30T02:01:54.578Z	::1	GET	/api/category/2/item	200	- bytes	2.214 ms
2022-05-30T02:03:08.991Z	::1	GET	/api/category/1/item/1	-	- bytes	- ms
2022-05-30T02:07:03.693Z	::1	GET	/api/category/2/item	200	- bytes	6.938 ms
2022-05-30T02:07:08.879Z	::1	GET	/api/category/1/item/1	-	- bytes	- ms
2022-05-30T02:07:12.703Z	::1	GET	/api/category/1/item/2	404	- bytes	3.564 ms
2022-05-30T02:07:20.681Z	::1	GET	/api/category/2/item/1	400	- bytes	2.772 ms
2022-05-30T02:07:26.667Z	::1	GET	/api/category/2/item/2	404	- bytes	2.179 ms
2022-05-30T02:07:41.127Z	::1	GET	/api/category/1/item/1	-	- bytes	- ms
2022-05-30T02:07:57.831Z	::1	GET	/api/category/1/item/6	-	- bytes	- ms
2022-05-30T02:08:20.468Z	::1	GET	/api/category/2/item	200	- bytes	2.701 ms
2022-05-30T02:08:24.227Z	::1	GET	/api/category/1/item	200	- bytes	2.091 ms
2022-05-30T02:08:28.405Z	::1	GET	/api/category/3/item	200	- bytes	2.550 ms
2022-05-30T02:08:34.498Z	::1	GET	/api/category/5/item	404	- bytes	1.180 ms
2022-05-30T02:08:41.022Z	::1	GET	/api/category/2/item	200	- bytes	2.067 ms
2022-05-30T02:08:53.152Z	::1	GET	/api/category/1/item/2	404	- bytes	1.674 ms
2022-05-30T02:10:40.691Z	::1	GET	/api/category/2/item	200	- bytes	16.057 ms
2022-05-30T02:10:44.823Z	::1	GET	/api/category/1/item	200	- bytes	2.743 ms
2022-05-30T02:10:50.838Z	::1	GET	/api/category/1/item/2	404	- bytes	3.087 ms
2022-05-30T02:11:03.032Z	::1	GET	/api/category/1/item/1	-	- bytes	- ms
2022-05-30T02:11:04.418Z	::1	GET	/api/category/2/item/2	404	- bytes	2.494 ms
2022-05-30T02:11:06.277Z	::1	GET	/api/category/2/item/2	404	- bytes	2.402 ms
2022-05-30T02:25:09.865Z	::1	GET	/api/category/2/item/2	404	- bytes	16.671 ms
2022-05-30T02:25:13.251Z	::1	GET	/api/category/1/item	200	- bytes	5.505 ms
2022-05-30T02:25:17.607Z	::1	GET	/api/category/2/item	200	- bytes	8.902 ms
2022-05-30T13:16:19.196Z	::1	GET	/api/category/2/item	500	- bytes	3.932 ms
2022-05-30T13:16:27.083Z	::1	GET	/api/category/2/item	500	- bytes	1.022 ms
2022-05-30T13:16:44.529Z	::1	GET	/api/category	200	- bytes	12.829 ms
2022-05-30T13:16:53.889Z	::1	GET	/api/category/2/item	200	- bytes	6.197 ms
2022-05-30T13:16:59.543Z	::1	GET	/api/category/2/item/2	404	- bytes	10.925 ms
2022-05-30T13:17:04.193Z	::1	GET	/api/category/2/item/1	404	- bytes	3.081 ms
2022-05-30T13:20:47.616Z	::1	GET	/api/category/2/item/1	404	- bytes	16.884 ms
2022-05-30T13:20:50.391Z	::1	GET	/api/category/2/item	200	- bytes	16.852 ms
2022-05-30T13:46:27.168Z	::1	POST	/api/category/1/item	400	- bytes	21.907 ms
2022-05-30T13:47:01.617Z	::1	POST	/api/category/1/item	-	- bytes	- ms
2022-05-30T13:49:09.387Z	::1	POST	/api/category/1/item	-	- bytes	- ms
2022-05-30T14:01:35.635Z	::1	POST	/api/category/1/item	400	- bytes	20.804 ms
2022-05-30T14:01:43.026Z	::1	POST	/api/category/1/item	400	- bytes	6.482 ms
2022-05-30T14:05:34.169Z	::1	POST	/api/category/1/item	-	- bytes	- ms
2022-05-30T14:14:46.621Z	::1	POST	/api/category/1/item	-	- bytes	- ms
2022-05-30T20:01:57.647Z	::1	GET	/api/category/2/item/2	404	- bytes	17.675 ms
2022-05-30T20:02:01.679Z	::1	GET	/api/category/2/item/1	404	- bytes	4.557 ms
2022-05-30T20:02:07.700Z	::1	GET	/api/category/1/item/1	200	- bytes	5.059 ms
2022-05-30T20:02:23.237Z	::1	GET	/api/category/1/item/2	404	- bytes	2.169 ms
2022-05-30T20:02:54.258Z	::1	GET	/api/category/1/item/6	200	- bytes	5.065 ms
2022-05-30T20:28:33.397Z	::1	POST	/api/category/1/item/6/photo	415	- bytes	25.831 ms
2022-05-30T20:30:23.559Z	::1	POST	/api/category/1/item/6/photo	200	- bytes	9.725 ms
2022-05-30T20:33:20.360Z	::1	GET	/api/category/1/item/2	404	- bytes	11.192 ms
2022-05-30T20:33:39.461Z	::1	GET	/api/category/1/item/6	200	- bytes	4.771 ms
2022-05-30T20:38:18.841Z	::1	GET	/static/uploads/2022/05/6180b063-ff5b-429d-9df0-c40b52a1ff89-singidunum-logo2.png	404	- bytes	5.560 ms
2022-05-30T20:38:58.075Z	::1	GET	/assets/uploads/2022/05/6180b063-ff5b-429d-9df0-c40b52a1ff89-singidunum-logo2.png	200	- bytes	7.004 ms
